<?xml version="1.0" encoding="UTF-8"?>
<testng-results ignored="0" total="1" passed="1" failed="0" skipped="0">
  <reporter-output>
  </reporter-output>
  <suite started-at="2024-12-19T12:18:15 IST" name="Suite" finished-at="2024-12-19T12:18:19 IST" duration-ms="4203">
    <groups>
    </groups>
    <test started-at="2024-12-19T12:18:15 IST" name="Test" finished-at="2024-12-19T12:18:19 IST" duration-ms="4203">
      <class name="basicProject.MavenExample">
        <test-method signature="mavExample()[pri:0, instance:basicProject.MavenExample@298a5e20]" started-at="2024-12-19T12:18:15 IST" name="mavExample" finished-at="2024-12-19T12:18:19 IST" duration-ms="4127" status="PASS">
          <reporter-output>
          </reporter-output>
        </test-method> <!-- mavExample -->
      </class> <!-- basicProject.MavenExample -->
    </test> <!-- Test -->
  </suite> <!-- Suite -->
</testng-results>
